[object Object]
[object Object]
[object Object]
[object Object]
[object Object]
[object Object]
[object Object]
[object Object]
[object Object]
[object Object]
[object Object]
[object Object]
[object Object]
[object Object]
[object Object]
[object Object]
[object Object]
[object Object]
[object Object]
[object Object]
[object Object]
TypeError: Cannot read property 'nome' of undefined
    at change (C:\xampp\htdocs\iLocation\server\ruolo\ruolo.controller.js:126:90)
    at Layer.handle_error (C:\xampp\htdocs\iLocation\node_modules\express\lib\router\layer.js:71:5)
    at next (C:\xampp\htdocs\iLocation\node_modules\express\lib\router\route.js:135:13)
    at connectDB (C:\xampp\htdocs\iLocation\server\db.js:40:16)
    at Layer.handle [as handle_request] (C:\xampp\htdocs\iLocation\node_modules\express\lib\router\layer.js:95:5)
    at next (C:\xampp\htdocs\iLocation\node_modules\express\lib\router\route.js:137:13)
    at complete (C:\xampp\htdocs\iLocation\node_modules\passport\lib\middleware\authenticate.js:250:13)
    at C:\xampp\htdocs\iLocation\node_modules\passport\lib\middleware\authenticate.js:257:15
    at pass (C:\xampp\htdocs\iLocation\node_modules\passport\lib\authenticator.js:421:14)
    at Authenticator.transformAuthInfo (C:\xampp\htdocs\iLocation\node_modules\passport\lib\authenticator.js:443:5)
[object Object]
[object Object]
[object Object]
[object Object]
[object Object]
[object Object]
[object Object]
[object Object]
[object Object]
[object Object]
[object Object]
[object Object]
[object Object]
[object Object]
[object Object]
[object Object]
[object Object]
[object Object]
[object Object]
[object Object]
[object Object]
[object Object]
[object Object]
[object Object]
[object Object]
[object Object]
[object Object]
[object Object]
[object Object]
[object Object]
[object Object]
[object Object]
[object Object]
[object Object]
[object Object]
[object Object]
[object Object]
[object Object]
[object Object]
[object Object]
[object Object]
[object Object]
[object Object]
[object Object]
[object Object]
[object Object]
[object Object]
[object Object]
[object Object]
[object Object]
[object Object]
[object Object]
[object Object]
[object Object]
[object Object]
[object Object]
[object Object]
[object Object]
[object Object]
[object Object]
[object Object]
[object Object]
[object Object]
[object Object]
[object Object]
[object Object]
[object Object]
[object Object]
[object Object]
[object Object]
[object Object]
[object Object]
[object Object]
[object Object]
[object Object]
[object Object]
[object Object]
[object Object]
[object Object]
[object Object]
[object Object]
[object Object]
[object Object]
[object Object]
[object Object]
[object Object]
[object Object]
[object Object]
[object Object]
[object Object]
[object Object]
[object Object]
[object Object]
[object Object]
[object Object]
[object Object]
[object Object]
[object Object]
[object Object]
[object Object]
[object Object]
[object Object]
[object Object]
[object Object]
[object Object]
[object Object]
[object Object]
[object Object]
[object Object]
[object Object]
[object Object]
[object Object]
[object Object]
[object Object]
[object Object]
[object Object]
[object Object]
[object Object]
[object Object]
